
Generating documentation from src/java/net/i2p/i2pfirefox/

[1;32mJavadoc errors for class [0mI2PChromiumProfileChecker
File: [34msrc/java/net/i2p/i2pfirefox/I2PChromiumProfileChecker.java[0m
[33m	Missing description for method [0mmain (Line: 6)
[33m	Javadoc parameter not found [0margs in method: main (Line: 6)
[33m	Missing description for method [0mvalidateProfileDirectory (Line: 20)
[33m	Javadoc parameter not found [0mprofileDirectory in method: validateProfileDirectory (Line: 20)
[33m	Missing description for method [0mvalidateFile (Line: 44)
[33m	Javadoc parameter not found [0mfile in method: validateFile (Line: 44)
[33m	Missing description for method [0mvalidateExtensionDirectory (Line: 64)
[33m	Javadoc parameter not found [0mextensionDirectory in method: validateExtensionDirectory (Line: 64)

[1;32mJavadoc errors for class [0mI2PFirefoxProfileChecker
File: [34msrc/java/net/i2p/i2pfirefox/I2PFirefoxProfileChecker.java[0m
[33m	Missing description for method [0mmain (Line: 6)
[33m	Javadoc parameter not found [0margs in method: main (Line: 6)
[33m	Missing description for method [0mvalidateProfileDirectory (Line: 20)
[33m	Javadoc parameter not found [0mprofileDirectory in method: validateProfileDirectory (Line: 20)
[33m	Missing description for method [0mvalidateFile (Line: 52)
[33m	Javadoc parameter not found [0mfile in method: validateFile (Line: 52)
[33m	Missing description for method [0mvalidateExtensionDirectory (Line: 72)
[33m	Javadoc parameter not found [0mextensionDirectory in method: validateExtensionDirectory (Line: 72)

[1;32mJavadoc errors for class [0mI2PFirefoxProfileBuilder
File: [34msrc/java/net/i2p/i2pfirefox/I2PFirefoxProfileBuilder.java[0m
[33m	Missing description for member variable [0mstrict (Line: )
[33m	Missing description for method [0mprofileDir (Line: 15)
[33m	Javadoc parameter not found [0mfile in method: profileDir (Line: 15)
[33m	Missing description for method [0mprofileDirectory (Line: 25)
[33m	Missing description for method [0mbaseProfileDir (Line: 37)
[33m	Javadoc parameter not found [0mfile in method: baseProfileDir (Line: 37)
[33m	Missing description for method [0mbaseProfileDirectory (Line: 57)
[33m	Missing description for method [0mruntimeDirectory (Line: 81)
[33m	Javadoc parameter not found [0mcreate in method: runtimeDirectory (Line: 81)
[33m	Missing description for method [0mruntimeDirectory (Line: 98)
[33m	Missing description for method [0mcopyBaseProfiletoProfile (Line: 144)
[33m	Missing description for method [0mcopyDirectory (Line: 174)
[33m	Javadoc parameter not found [0msourceDirectory in method: copyDirectory (Line: 174)
[33m	Javadoc parameter not found [0mdestinationDirectory in method: copyDirectory (Line: 174)
[33m	Missing description for method [0mcopyDirectoryCompatibityMode (Line: 184)
[33m	Javadoc parameter not found [0msource in method: copyDirectoryCompatibityMode (Line: 184)
[33m	Javadoc parameter not found [0mdestination in method: copyDirectoryCompatibityMode (Line: 184)
[33m	Missing description for method [0mcopyFile (Line: 192)
[33m	Javadoc parameter not found [0msourceFile in method: copyFile (Line: 192)
[33m	Javadoc parameter not found [0mdestinationFile in method: copyFile (Line: 192)
[33m	Missing description for method [0mcopyStrictOptions (Line: 209)
[33m	Missing description for method [0m (Line: 246)
[33m	Missing description for method [0m (Line: 256)
[33m	Javadoc parameter not found [0mstrict in method:  (Line: 256)

[1;32mJavadoc errors for class [0mI2PChromium
File: [34msrc/java/net/i2p/i2pfirefox/I2PChromium.java[0m
[33m	Missing description for member variable [0mString[] CHROMIUM_SEARCH_PATHS  (Line: )
[33m	Missing return type for member variable [0mString[] CHROMIUM_SEARCH_PATHS  (Line: )
[33m	Missing description for member variable [0mint DEFAULT_TIMEOUT  (Line: )
[33m	Missing return type for member variable [0mint DEFAULT_TIMEOUT  (Line: )
[33m	Missing description for method [0m (Line: 20)
[33m	Missing description for method [0mFIND_CHROMIUM_SEARCH_PATHS_UNIX (Line: 31)
[33m	Missing description for method [0mFIND_CHROMIUM_SEARCH_PATHS_OSX (Line: 44)
[33m	Missing description for method [0mFIND_CHROMIUM_SEARCH_PATHS_WINDOWS (Line: 57)
[33m	Missing description for method [0mFIND_ALL_CHROMIUM_SEARCH_PATHS (Line: 87)
[33m	Missing description for method [0mFIND_CHROMIUM_SEARCH_PATHS (Line: 107)
[33m	Missing description for method [0mNEARBY_CHROMIUM_SEARCH_PATHS (Line: 121)
[33m	Missing description for method [0mCHROMIUM_FINDER (Line: 165)
[33m	Missing description for method [0mgetOperatingSystem (Line: 177)
[33m	Missing description for method [0monlyValidChromiums (Line: 199)
[33m	Missing description for method [0mtopChromium (Line: 217)
[33m	Missing description for method [0mtopChromium (Line: 246)
[33m	Javadoc parameter not found [0moverrideChromium in method: topChromium (Line: 246)
[33m	Missing description for method [0mdefaultProcessBuilder (Line: 264)
[33m	Missing description for method [0mprocessBuilder (Line: 301)
[33m	Javadoc parameter not found [0margs in method: processBuilder (Line: 301)
[33m	Missing description for method [0mwaitForProxy (Line: 340)
[33m	Missing description for method [0mwaitForProxy (Line: 352)
[33m	Javadoc parameter not found [0mtimeout in method: waitForProxy (Line: 352)
[33m	Missing description for method [0mwaitForProxy (Line: 364)
[33m	Javadoc parameter not found [0mtimeout in method: waitForProxy (Line: 364)
[33m	Javadoc parameter not found [0mport in method: waitForProxy (Line: 364)
[33m	Missing description for method [0mwaitForProxy (Line: 377)
[33m	Javadoc parameter not found [0mtimeout in method: waitForProxy (Line: 377)
[33m	Javadoc parameter not found [0mport in method: waitForProxy (Line: 377)
[33m	Javadoc parameter not found [0mhost in method: waitForProxy (Line: 377)
[33m	Missing description for method [0mcheckifPortIsOccupied (Line: 390)
[33m	Javadoc parameter not found [0mport in method: checkifPortIsOccupied (Line: 390)
[33m	Javadoc parameter not found [0mhost in method: checkifPortIsOccupied (Line: 390)
[33m	Missing description for method [0mlaunch (Line: 408)
[33m	Missing description for method [0mmain (Line: 441)
[33m	Javadoc parameter not found [0margs in method: main (Line: 441)

[1;32mJavadoc errors for class [0mI2PFirefoxProfileUnpacker
File: [34msrc/java/net/i2p/i2pfirefox/I2PFirefoxProfileUnpacker.java[0m
[33m	Missing description for method [0mmain (Line: 12)
[33m	Javadoc parameter not found [0margs in method: main (Line: 12)
[33m	Missing description for method [0munpackProfile (Line: 27)
[33m	Javadoc parameter not found [0mprofileDirectory in method: unpackProfile (Line: 27)

[1;32mJavadoc errors for class [0mI2PChromiumProfileUnpacker
File: [34msrc/java/net/i2p/i2pfirefox/I2PChromiumProfileUnpacker.java[0m
[33m	Missing description for method [0mmain (Line: 12)
[33m	Javadoc parameter not found [0margs in method: main (Line: 12)
[33m	Missing description for method [0munpackProfile (Line: 27)
[33m	Javadoc parameter not found [0mprofileDirectory in method: unpackProfile (Line: 27)

[1;32mJavadoc errors for class [0mI2PChromiumProfileBuilder
File: [34msrc/java/net/i2p/i2pfirefox/I2PChromiumProfileBuilder.java[0m
[33m	Missing description for member variable [0mstrict (Line: )
[33m	Missing description for method [0mprofileDir (Line: 15)
[33m	Javadoc parameter not found [0mfile in method: profileDir (Line: 15)
[33m	Missing description for method [0mprofileDirectory (Line: 25)
[33m	Missing description for method [0mbaseProfileDir (Line: 37)
[33m	Javadoc parameter not found [0mfile in method: baseProfileDir (Line: 37)
[33m	Missing description for method [0mbaseProfileDirectory (Line: 57)
[33m	Missing description for method [0mruntimeDirectory (Line: 81)
[33m	Javadoc parameter not found [0mcreate in method: runtimeDirectory (Line: 81)
[33m	Missing description for method [0mruntimeDirectory (Line: 98)
[33m	Missing description for method [0mcopyBaseProfiletoProfile (Line: 144)
[33m	Missing description for method [0mcopyDirectory (Line: 174)
[33m	Javadoc parameter not found [0msourceDirectory in method: copyDirectory (Line: 174)
[33m	Javadoc parameter not found [0mdestinationDirectory in method: copyDirectory (Line: 174)
[33m	Missing description for method [0mcopyDirectoryCompatibityMode (Line: 184)
[33m	Javadoc parameter not found [0msource in method: copyDirectoryCompatibityMode (Line: 184)
[33m	Javadoc parameter not found [0mdestination in method: copyDirectoryCompatibityMode (Line: 184)
[33m	Missing description for method [0mcopyFile (Line: 192)
[33m	Javadoc parameter not found [0msourceFile in method: copyFile (Line: 192)
[33m	Javadoc parameter not found [0mdestinationFile in method: copyFile (Line: 192)
[33m	Missing description for method [0mcopyStrictOptions (Line: 209)
[33m	Missing description for method [0m (Line: 246)
[33m	Missing description for method [0m (Line: 256)
[33m	Javadoc parameter not found [0mstrict in method:  (Line: 256)

[1;32mJavadoc errors for class [0mI2PFirefox
File: [34msrc/java/net/i2p/i2pfirefox/I2PFirefox.java[0m
[33m	Missing description for member variable [0mString[] FIREFOX_SEARCH_PATHS  (Line: )
[33m	Missing return type for member variable [0mString[] FIREFOX_SEARCH_PATHS  (Line: )
[33m	Missing description for member variable [0mint DEFAULT_TIMEOUT  (Line: )
[33m	Missing return type for member variable [0mint DEFAULT_TIMEOUT  (Line: )
[33m	Missing description for method [0m (Line: 19)
[33m	Missing description for method [0mFIND_FIREFOX_SEARCH_PATHS_UNIX (Line: 30)
[33m	Missing description for method [0mFIND_FIREFOX_SEARCH_PATHS_OSX (Line: 43)
[33m	Missing description for method [0mFIND_FIREFOX_SEARCH_PATHS_WINDOWS (Line: 56)
[33m	Missing description for method [0mFIND_ALL_FIREFOX_SEARCH_PATHS (Line: 84)
[33m	Missing description for method [0mFIND_FIREFOX_SEARCH_PATHS (Line: 104)
[33m	Missing description for method [0mNEARBY_FIREFOX_SEARCH_PATHS (Line: 118)
[33m	Missing description for method [0mFIREFOX_FINDER (Line: 162)
[33m	Missing description for method [0mgetOperatingSystem (Line: 174)
[33m	Missing description for method [0monlyValidFirefoxes (Line: 196)
[33m	Missing description for method [0mtopFirefox (Line: 214)
[33m	Missing description for method [0mtopFirefox (Line: 243)
[33m	Javadoc parameter not found [0moverrideFirefox in method: topFirefox (Line: 243)
[33m	Missing description for method [0mdefaultProcessBuilder (Line: 261)
[33m	Missing description for method [0mprocessBuilder (Line: 275)
[33m	Javadoc parameter not found [0margs in method: processBuilder (Line: 275)
[33m	Missing description for method [0mwaitForProxy (Line: 298)
[33m	Missing description for method [0mwaitForProxy (Line: 310)
[33m	Javadoc parameter not found [0mtimeout in method: waitForProxy (Line: 310)
[33m	Missing description for method [0mwaitForProxy (Line: 322)
[33m	Javadoc parameter not found [0mtimeout in method: waitForProxy (Line: 322)
[33m	Javadoc parameter not found [0mport in method: waitForProxy (Line: 322)
[33m	Missing description for method [0mwaitForProxy (Line: 335)
[33m	Javadoc parameter not found [0mtimeout in method: waitForProxy (Line: 335)
[33m	Javadoc parameter not found [0mport in method: waitForProxy (Line: 335)
[33m	Javadoc parameter not found [0mhost in method: waitForProxy (Line: 335)
[33m	Missing description for method [0mcheckifPortIsOccupied (Line: 348)
[33m	Javadoc parameter not found [0mport in method: checkifPortIsOccupied (Line: 348)
[33m	Javadoc parameter not found [0mhost in method: checkifPortIsOccupied (Line: 348)
[33m	Missing description for method [0mlaunch (Line: 366)
[33m	Missing description for method [0mmain (Line: 399)
[33m	Javadoc parameter not found [0margs in method: main (Line: 399)


